<?xml version="1.0" encoding="UTF-8"?>
<!-- Generated by org.testng.reporters.JUnitReportReporter -->
<testsuite hostname="CSCO-W-PF40A4W2" failures="0" tests="1" name="TestLogin" time="8.042" errors="0" timestamp="2023-02-16T19:43:36 IST" skipped="0">
  <testcase classname="TestLogin" name="TestLogin" time="8.042"/>
  <system-out/>
</testsuite> <!-- TestLogin -->
